<?xml version="1.0" encoding="UTF-8"?>
<!-- Generated by org.testng.reporters.JUnitReportReporter -->
<testsuite skipped="0" hostname="BiswajitsVAIO" name="selenium.concepts.javaexec.ScrollDown" tests="1" failures="0" timestamp="20 Jul 2018 04:39:22 GMT" time="20.610" errors="0">
  <testcase name="Login" time="20.610" classname="selenium.concepts.javaexec.ScrollDown"/>
</testsuite> <!-- selenium.concepts.javaexec.ScrollDown -->
