<?xml version="1.0" encoding="UTF-8"?>
<!-- Generated by org.testng.reporters.JUnitReportReporter -->
<testsuite skipped="0" hostname="BiswajitsVAIO" name="selenium.design.pagefactory.TestCase" tests="1" failures="0" timestamp="28 Jul 2018 04:34:14 GMT" time="8.295" errors="0">
  <testcase name="check_valid_user" time="8.295" classname="selenium.design.pagefactory.TestCase"/>
</testsuite> <!-- selenium.design.pagefactory.TestCase -->
