<?xml version="1.0" encoding="UTF-8"?>
<!-- Generated by org.testng.reporters.JUnitReportReporter -->
<testsuite skipped="0" hostname="BiswajitsVAIO" name="selenium.concepts.javaexec.CaptureScrapeData" tests="1" failures="0" timestamp="20 Jul 2018 04:34:43 GMT" time="35.041" errors="0">
  <testcase name="Login" time="35.041" classname="selenium.concepts.javaexec.CaptureScrapeData"/>
</testsuite> <!-- selenium.concepts.javaexec.CaptureScrapeData -->
