<?xml version="1.0" encoding="UTF-8"?>
<!-- Generated by org.testng.reporters.JUnitReportReporter -->
<testsuite skipped="0" hostname="BiswajitsVAIO" name="selenium.concepts.javaexec.JavaSE_Test" tests="1" failures="0" timestamp="20 Jul 2018 04:09:37 GMT" time="34.432" errors="0">
  <testcase name="Login" time="34.432" classname="selenium.concepts.javaexec.JavaSE_Test"/>
</testsuite> <!-- selenium.concepts.javaexec.JavaSE_Test -->
